<?xml version="1.0" encoding="UTF-8"?>
<!-- Generated by org.testng.reporters.JUnitXMLReporter -->
<testsuite ignored="0" hostname="IN-696XTN3" failures="0" tests="3" name="Test" time="8.859" errors="0" timestamp="2023-09-21T12:15:52 IST">
  <testcase classname="com.Selenium.testcases.AmazonSigninPageTest" name="ClickonSignTest" time="0.786"/>
  <testcase classname="com.Selenium.testcases.AmazonSigninPageTest" name="CreateAccountDetailsTest" time="1.375"/>
  <testcase classname="com.Selenium.testcases.AmazonSigninPageTest" name="Searchforamazomitem" time="1.784"/>
</testsuite> <!-- Test -->
