<?xml version="1.0" encoding="UTF-8"?>
<!-- Generated by org.testng.reporters.JUnitXMLReporter -->
<testsuite ignored="0" hostname="IN-696XTN3" failures="0" tests="3" name="Surefire test" time="13.694" errors="0" timestamp="2023-09-21T12:19:18 IST">
  <testcase classname="com.Selenium.testcases.AmazonSigninPageTest" name="ClickonSignTest" time="1.137"/>
  <testcase classname="com.Selenium.testcases.AmazonSigninPageTest" name="CreateAccountDetailsTest" time="2.073"/>
  <testcase classname="com.Selenium.testcases.AmazonSigninPageTest" name="Searchforamazomitem" time="3.101"/>
</testsuite> <!-- Surefire test -->
