<?xml version="1.0" encoding="UTF-8"?>
<testng-results ignored="0" total="3" passed="3" failed="0" skipped="0">
  <reporter-output>
  </reporter-output>
  <suite started-at="2023-09-21T12:19:05 IST" name="Surefire suite" finished-at="2023-09-21T12:19:18 IST" duration-ms="13694">
    <groups>
    </groups>
    <test started-at="2023-09-21T12:19:05 IST" name="Surefire test" finished-at="2023-09-21T12:19:18 IST" duration-ms="13694">
      <class name="com.Selenium.testcases.AmazonSigninPageTest">
        <test-method is-config="true" signature="setup()[pri:0, instance:com.Selenium.testcases.AmazonSigninPageTest@3527942a]" started-at="2023-09-21T12:19:05 IST" name="setup" finished-at="2023-09-21T12:19:12 IST" duration-ms="6789" status="PASS">
          <reporter-output>
          </reporter-output>
        </test-method> <!-- setup -->
        <test-method signature="ClickonSignTest()[pri:1, instance:com.Selenium.testcases.AmazonSigninPageTest@3527942a]" started-at="2023-09-21T12:19:12 IST" name="ClickonSignTest" finished-at="2023-09-21T12:19:13 IST" duration-ms="1137" status="PASS">
          <reporter-output>
          </reporter-output>
        </test-method> <!-- ClickonSignTest -->
        <test-method is-config="true" signature="tearDown(org.testng.ITestResult)[pri:0, instance:com.Selenium.testcases.AmazonSigninPageTest@3527942a]" started-at="2023-09-21T12:19:13 IST" name="tearDown" finished-at="2023-09-21T12:19:13 IST" duration-ms="4" status="PASS">
          <params>
            <param index="0">
              <value>
                <![CDATA[[TestResult name=ClickonSignTest status=SUCCESS method=AmazonSigninPageTest.ClickonSignTest()[pri:1, instance:com.Selenium.testcases.AmazonSigninPageTest@3527942a] output={null}]]]>
              </value>
            </param>
          </params>
          <reporter-output>
          </reporter-output>
        </test-method> <!-- tearDown -->
        <test-method signature="CreateAccountDetailsTest()[pri:2, instance:com.Selenium.testcases.AmazonSigninPageTest@3527942a]" started-at="2023-09-21T12:19:13 IST" name="CreateAccountDetailsTest" finished-at="2023-09-21T12:19:15 IST" duration-ms="2073" status="PASS">
          <reporter-output>
          </reporter-output>
        </test-method> <!-- CreateAccountDetailsTest -->
        <test-method is-config="true" signature="tearDown(org.testng.ITestResult)[pri:0, instance:com.Selenium.testcases.AmazonSigninPageTest@3527942a]" started-at="2023-09-21T12:19:15 IST" name="tearDown" finished-at="2023-09-21T12:19:15 IST" duration-ms="1" status="PASS">
          <params>
            <param index="0">
              <value>
                <![CDATA[[TestResult name=CreateAccountDetailsTest status=SUCCESS method=AmazonSigninPageTest.CreateAccountDetailsTest()[pri:2, instance:com.Selenium.testcases.AmazonSigninPageTest@3527942a] output={null}]]]>
              </value>
            </param>
          </params>
          <reporter-output>
          </reporter-output>
        </test-method> <!-- tearDown -->
        <test-method signature="Searchforamazomitem()[pri:3, instance:com.Selenium.testcases.AmazonSigninPageTest@3527942a]" started-at="2023-09-21T12:19:15 IST" name="Searchforamazomitem" finished-at="2023-09-21T12:19:18 IST" duration-ms="3101" status="PASS">
          <reporter-output>
          </reporter-output>
        </test-method> <!-- Searchforamazomitem -->
        <test-method is-config="true" signature="tearDown(org.testng.ITestResult)[pri:0, instance:com.Selenium.testcases.AmazonSigninPageTest@3527942a]" started-at="2023-09-21T12:19:18 IST" name="tearDown" finished-at="2023-09-21T12:19:18 IST" duration-ms="0" status="PASS">
          <params>
            <param index="0">
              <value>
                <![CDATA[[TestResult name=Searchforamazomitem status=SUCCESS method=AmazonSigninPageTest.Searchforamazomitem()[pri:3, instance:com.Selenium.testcases.AmazonSigninPageTest@3527942a] output={null}]]]>
              </value>
            </param>
          </params>
          <reporter-output>
          </reporter-output>
        </test-method> <!-- tearDown -->
        <test-method is-config="true" signature="tearDown()[pri:0, instance:com.Selenium.testcases.AmazonSigninPageTest@3527942a]" started-at="2023-09-21T12:19:18 IST" name="tearDown" finished-at="2023-09-21T12:19:18 IST" duration-ms="523" status="PASS">
          <reporter-output>
          </reporter-output>
        </test-method> <!-- tearDown -->
        <test-method is-config="true" signature="movefiles()[pri:0, instance:com.Selenium.testcases.AmazonSigninPageTest@3527942a]" started-at="2023-09-21T12:19:18 IST" name="movefiles" finished-at="2023-09-21T12:19:18 IST" duration-ms="1" status="PASS">
          <reporter-output>
          </reporter-output>
        </test-method> <!-- movefiles -->
      </class> <!-- com.Selenium.testcases.AmazonSigninPageTest -->
    </test> <!-- Surefire test -->
  </suite> <!-- Surefire suite -->
</testng-results>
